<?xml version="1.0" encoding="UTF-8"?>
<!-- Generated by org.testng.reporters.JUnitReportReporter -->
<testsuite hostname="L70459" failures="0" tests="4" name="pk_spreecom.Retrieve_a_Country_UsingDataProvider" time="6.055" errors="0" timestamp="2022-05-28T12:54:07 IST" skipped="0">
  <testcase classname="pk_spreecom.Retrieve_a_Country_UsingDataProvider" name="getCountry" time="0.791"/>
  <system-out/>
  <testcase classname="pk_spreecom.Retrieve_a_Country_UsingDataProvider" name="getCountry" time="3.626"/>
  <system-out/>
  <testcase classname="pk_spreecom.Retrieve_a_Country_UsingDataProvider" name="getCountry" time="0.852"/>
  <system-out/>
  <testcase classname="pk_spreecom.Retrieve_a_Country_UsingDataProvider" name="getCountry" time="0.786"/>
  <system-out/>
</testsuite> <!-- pk_spreecom.Retrieve_a_Country_UsingDataProvider -->
