<?xml version="1.0" encoding="UTF-8"?>
<!-- Generated by org.testng.reporters.JUnitReportReporter -->
<testsuite hostname="L70459" failures="0" tests="2" name="pk_spreecom.Retrieve_a_Country_UsingExtentReport_UtilityFunction" time="3.094" errors="0" timestamp="2022-05-28T15:51:14 IST" skipped="0">
  <testcase classname="pk_spreecom.Retrieve_a_Country_UsingExtentReport_UtilityFunction" name="getDefaultCountry" time="2.279"/>
  <system-out/>
  <testcase classname="pk_spreecom.Retrieve_a_Country_UsingExtentReport_UtilityFunction" name="getCountry" time="0.815"/>
  <system-out/>
</testsuite> <!-- pk_spreecom.Retrieve_a_Country_UsingExtentReport_UtilityFunction -->
