<?xml version="1.0" encoding="UTF-8"?>
<!-- Generated by org.testng.reporters.JUnitReportReporter -->
<testsuite hostname="L70459" failures="0" tests="1" name="pk_spreecom.List_all_Countries" time="2.977" errors="0" timestamp="2022-05-28T14:53:51 IST" skipped="0">
  <testcase classname="pk_spreecom.List_all_Countries" name="Get_Default_Country" time="2.977"/>
  <system-out/>
</testsuite> <!-- pk_spreecom.List_all_Countries -->
