<?xml version="1.0" encoding="UTF-8"?>
<!-- Generated by org.testng.reporters.JUnitReportReporter -->
<testsuite hostname="L70459" failures="0" tests="1" name="pk_spreecom.Create_Address_UsingFile1" time="1.205" errors="0" timestamp="2022-05-28T14:53:51 IST" skipped="0">
  <testcase classname="pk_spreecom.Create_Address_UsingFile1" name="CreateAddress" time="1.205"/>
  <system-out/>
</testsuite> <!-- pk_spreecom.Create_Address_UsingFile1 -->
