<?xml version="1.0" encoding="UTF-8"?>
<!-- Generated by org.testng.reporters.JUnitReportReporter -->
<testsuite hostname="L70459" failures="0" tests="3" name="pk_spreecom.Retrieve_a_Country_UsingDataProviderExcel" time="8.177" errors="0" timestamp="2022-05-28T13:14:15 IST" skipped="0">
  <testcase classname="pk_spreecom.Retrieve_a_Country_UsingDataProviderExcel" name="getCountry" time="6.261"/>
  <system-out/>
  <testcase classname="pk_spreecom.Retrieve_a_Country_UsingDataProviderExcel" name="getCountry" time="0.992"/>
  <system-out/>
  <testcase classname="pk_spreecom.Retrieve_a_Country_UsingDataProviderExcel" name="getCountry" time="0.924"/>
  <system-out/>
</testsuite> <!-- pk_spreecom.Retrieve_a_Country_UsingDataProviderExcel -->
