<?xml version="1.0" encoding="UTF-8"?>
<!-- Generated by org.testng.reporters.JUnitReportReporter -->
<testsuite hostname="L70459" failures="0" tests="1" name="pk_spreecom.DefaultCountries_Jsonpath" time="5.043" errors="0" timestamp="2022-05-26T12:56:00 IST" skipped="0">
  <testcase classname="pk_spreecom.DefaultCountries_Jsonpath" name="GetDefaultCountries" time="5.043"/>
  <system-out/>
</testsuite> <!-- pk_spreecom.DefaultCountries_Jsonpath -->
