<?xml version="1.0" encoding="UTF-8"?>
<!-- Generated by org.testng.reporters.JUnitReportReporter -->
<testsuite hostname="L70459" failures="0" tests="2" name="pk_spreecom.Update_Address_UsingFile" time="2.353" errors="0" timestamp="2022-05-26T16:44:13 IST" skipped="0">
  <testcase classname="pk_spreecom.Update_Address_UsingFile" name="CreateAddress" time="1.472"/>
  <system-out/>
  <testcase classname="pk_spreecom.Update_Address_UsingFile" name="UpdateAddress" time="0.881"/>
  <system-out/>
</testsuite> <!-- pk_spreecom.Update_Address_UsingFile -->
