<?xml version="1.0" encoding="UTF-8"?>
<!-- Generated by org.testng.reporters.JUnitReportReporter -->
<testsuite hostname="L70459" failures="0" tests="1" name="pk_spreecom.NewTest" time="0.004" errors="0" timestamp="2022-05-28T14:53:50 IST" skipped="0">
  <testcase classname="pk_spreecom.NewTest" name="sanityTest" time="0.004"/>
  <system-out/>
</testsuite> <!-- pk_spreecom.NewTest -->
