<?xml version="1.0" encoding="UTF-8"?>
<!-- Generated by org.testng.reporters.JUnitReportReporter -->
<testsuite hostname="L70459" failures="0" tests="3" name="pk_spreecom.Create_Update_Delete_Address_UsingFile" time="3.650" errors="0" timestamp="2022-05-26T17:07:32 IST" skipped="0">
  <testcase classname="pk_spreecom.Create_Update_Delete_Address_UsingFile" name="CreateAddress" time="2.069"/>
  <system-out/>
  <testcase classname="pk_spreecom.Create_Update_Delete_Address_UsingFile" name="UpdateAddress" time="0.816"/>
  <system-out/>
  <testcase classname="pk_spreecom.Create_Update_Delete_Address_UsingFile" name="DeleteAddress" time="0.765"/>
  <system-out/>
</testsuite> <!-- pk_spreecom.Create_Update_Delete_Address_UsingFile -->
