<?xml version="1.0" encoding="UTF-8"?>
<!-- Generated by org.testng.reporters.JUnitReportReporter -->
<testsuite hostname="L70459" failures="0" tests="1" name="pk_spreecom.Retrieve_a_Country" time="0.863" errors="0" timestamp="2022-05-28T14:53:50 IST" skipped="0">
  <testcase classname="pk_spreecom.Retrieve_a_Country" name="Get_Default_Country" time="0.863"/>
  <system-out/>
</testsuite> <!-- pk_spreecom.Retrieve_a_Country -->
