<?xml version="1.0" encoding="UTF-8"?>
<!-- Generated by org.testng.reporters.JUnitReportReporter -->
<testsuite hostname="L70459" failures="0" tests="2" name="pk_spreecom.Create_Update_Address_Utilityclass" time="10.210" errors="0" timestamp="2022-05-28T10:37:33 IST" skipped="0">
  <testcase classname="pk_spreecom.Create_Update_Address_Utilityclass" name="Create_Address" time="8.339"/>
  <system-out/>
  <testcase classname="pk_spreecom.Create_Update_Address_Utilityclass" name="Update_Address" time="1.871"/>
  <system-out/>
</testsuite> <!-- pk_spreecom.Create_Update_Address_Utilityclass -->
