<?xml version="1.0" encoding="UTF-8"?>
<!-- Generated by org.testng.reporters.JUnitReportReporter -->
<testsuite hostname="L70459" failures="0" tests="2" name="pk_spreecom.Retrieve_a_Country_UsingExtentReport" time="2.856" errors="0" timestamp="2022-05-28T15:29:33 IST" skipped="0">
  <testcase classname="pk_spreecom.Retrieve_a_Country_UsingExtentReport" name="getDefaultCountry" time="2.109"/>
  <system-out/>
  <testcase classname="pk_spreecom.Retrieve_a_Country_UsingExtentReport" name="getCountry" time="0.747"/>
  <system-out/>
</testsuite> <!-- pk_spreecom.Retrieve_a_Country_UsingExtentReport -->
