<?xml version="1.0" encoding="UTF-8"?>
<!-- Generated by org.testng.reporters.JUnitReportReporter -->
<testsuite hostname="L70459" failures="0" tests="1" name="pk_spreecom.Create_Auth_Token" time="3.361" errors="0" timestamp="2022-05-26T14:23:06 IST" skipped="0">
  <testcase classname="pk_spreecom.Create_Auth_Token" name="Auth" time="3.361"/>
  <system-out/>
</testsuite> <!-- pk_spreecom.Create_Auth_Token -->
