<?xml version="1.0" encoding="UTF-8"?>
<!-- Generated by org.testng.reporters.JUnitReportReporter -->
<testsuite skipped="0" hostname="L70459" name="pk_spreecom.NewTest" tests="1" failures="0" timestamp="2022-05-28T16:55:04 IST" time="0.003" errors="0">
  <testcase name="sanityTest" time="0.003" classname="pk_spreecom.NewTest"/>
  <system-out/>
</testsuite> <!-- pk_spreecom.NewTest -->
