<?xml version="1.0" encoding="UTF-8"?>
<!-- Generated by org.testng.reporters.JUnitReportReporter -->
<testsuite skipped="0" hostname="L70459" name="pk_spreecom.Create_Address_UsingFile1" tests="1" failures="0" timestamp="2022-05-28T16:55:04 IST" time="2.717" errors="0">
  <testcase name="CreateAddress" time="2.717" classname="pk_spreecom.Create_Address_UsingFile1"/>
  <system-out/>
</testsuite> <!-- pk_spreecom.Create_Address_UsingFile1 -->
