<?xml version="1.0" encoding="UTF-8"?>
<!-- Generated by org.testng.reporters.JUnitReportReporter -->
<testsuite skipped="0" hostname="L70459" name="pk_spreecom.Retrieve_a_Country" tests="1" failures="0" timestamp="2022-05-28T16:55:04 IST" time="1.287" errors="0">
  <testcase name="Get_Default_Country" time="1.287" classname="pk_spreecom.Retrieve_a_Country"/>
  <system-out/>
</testsuite> <!-- pk_spreecom.Retrieve_a_Country -->
